<?xml version="1.0" encoding="UTF-8"?>
<testsuite xmlns:xsi="http://www.w3.org/2001/XMLSchema-instance" xsi:noNamespaceSchemaLocation="https://maven.apache.org/surefire/maven-surefire-plugin/xsd/surefire-test-report-3.0.xsd" version="3.0" name="com.wthallys.freeGamesEpic.FreeGamesEpicApplicationTests" time="6.647" tests="1" errors="0" skipped="0" failures="0">
  <properties>
[...]
</properties>
  <testcase name="contextLoads" classname="com.wthallys.freeGamesEpic.FreeGamesEpicApplicationTests" time="2.028">
    <system-out><![CDATA[01:34:05.248 [main] INFO org.springframework.test.context.support.AnnotationConfigContextLoaderUtils -- Could not detect default configuration classes for test class [com.wthallys.freeGamesEpic.FreeGamesEpicApplicationTests]: FreeGamesEpicApplicationTests does not declare any static, non-private, non-final, nested classes annotated with @Configuration.
01:34:05.479 [main] INFO org.springframework.boot.test.context.SpringBootTestContextBootstrapper -- Found @SpringBootConfiguration com.wthallys.freeGamesEpic.FreeGamesEpicApplication for test class com.wthallys.freeGamesEpic.FreeGamesEpicApplicationTests
01:34:05.909 [main] INFO org.springframework.boot.devtools.restart.RestartApplicationListener -- Restart disabled due to context in which it is running

  .   ____          _            __ _ _
 /\\ / ___'_ __ _ _(_)_ __  __ _ \ \ \ \
( ( )\___ | '_ | '_| | '_ \/ _` | \ \ \ \
 \\/  ___)| |_)| | | | | || (_| |  ) ) ) )
  '  |____| .__|_| |_|_| |_\__, | / / / /
 =========|_|==============|___/=/_/_/_/
 :: Spring Boot ::                (v3.1.5)

2024-03-23T01:34:06.539-03:00  INFO 37614 --- [           main] c.w.f.FreeGamesEpicApplicationTests      : Starting FreeGamesEpicApplicationTests using Java 17.0.10 with PID 37614 (started by wyddenbergsilva in /Users/wyddenbergsilva/Projects/FreeGamesEpic)
2024-03-23T01:34:06.542-03:00  INFO 37614 --- [           main] c.w.f.FreeGamesEpicApplicationTests      : No active profile set, falling back to 1 default profile: "default"
2024-03-23T01:34:08.284-03:00  INFO 37614 --- [           main] o.s.cloud.context.scope.GenericScope     : BeanFactory id=5b9c1c15-4b03-3dcf-9c72-16642ecdc838
2024-03-23T01:34:09.498-03:00  INFO 37614 --- [           main] c.w.f.FreeGamesEpicApplicationTests      : Started FreeGamesEpicApplicationTests in 3.626 seconds (process running for 5.847)
]]></system-out>
  </testcase>
</testsuite>